[chicken-run.myharavan.com/index.html]
[backblue.gif]
[fade.gif]
[index.html]
[theme.hstatic.net/200000291373/1000688425/14/favicon7944.png]
[chicken-run.myharavan.com/fonts/glyphicons-halflings-regular.eot]
[chicken-run.myharavan.com/fonts/glyphicons-halflings-regulard41d.eot]
[chicken-run.myharavan.com/fonts/glyphicons-halflings-regular.woff2]
[chicken-run.myharavan.com/fonts/glyphicons-halflings-regular.woff]
[chicken-run.myharavan.com/fonts/glyphicons-halflings-regular.ttf]
[chicken-run.myharavan.com/fonts/glyphicons-halflings-regular.svg]
[theme.hstatic.net/200000291373/1000688425/14/styles7944.css]
[stats.hstatic.net/beacon.min.js]
[chicken-run.myharavan.com/collections/crunchy.html]
[theme.hstatic.net/200000291373/1000688425/14/jquery.min.1.11.07944.js]
[chicken-run.myharavan.com/blogs/news.html]
[chicken-run.myharavan.com/pages/about-us.html]
[chicken-run.myharavan.com/pages/lien-he.html]
[www.google.com/recaptcha/api4d7a.js]
[chicken-run.myharavan.com/index150b.html]
[chicken-run.myharavan.com/account/register.html]
[theme.hstatic.net/200000291373/1000688425/14/slide_1_mb7944.jpg]
[theme.hstatic.net/200000291373/1000688425/14/slide_17944.jpg]
[chicken-run.myharavan.com/cart.html]
[theme.hstatic.net/200000291373/1000688425/14/slide_2_mb7944.jpg]
[chicken-run.myharavan.com/collections/all.html]
[theme.hstatic.net/200000291373/1000688425/14/slide_27944.jpg]
[theme.hstatic.net/200000291373/1000688425/14/slide_3_mb7944.jpg]
[theme.hstatic.net/200000291373/1000688425/14/slide_37944.jpg]
[product.hstatic.net/200000291373/product/product8_c15ff3d0-2abf-4e20-9925-6c59496e58c4_58f2da4951e845eeab5c1eb74863c718_medium.jpg]
[product.hstatic.net/200000291373/product/product8_c15ff3d0-2abf-4e20-9925-6c59496e58c4_58f2da4951e845eeab5c1eb74863c718_large.jpg]
[product.hstatic.net/200000291373/product/product8_c15ff3d0-2abf-4e20-9925-6c59496e58c4_58f2da4951e845eeab5c1eb74863c718_grande.jpg]
[product.hstatic.net/200000291373/product/product5_6c122cb7f3b249318cfd95d4d4bb83e5_medium.jpg]
[chicken-run.myharavan.com/products/ga-ran-gion-truyen-thong.html]
[product.hstatic.net/200000291373/product/product5_6c122cb7f3b249318cfd95d4d4bb83e5_large.jpg]
[product.hstatic.net/200000291373/product/product5_6c122cb7f3b249318cfd95d4d4bb83e5_grande.jpg]
[product.hstatic.net/200000291373/product/product12_28bfacfe528e4128a192c673ad83a99e_medium.jpg]
[product.hstatic.net/200000291373/product/product12_28bfacfe528e4128a192c673ad83a99e_large.jpg]
[chicken-run.myharavan.com/products/ga-pho-mai-tuyet.html]
[product.hstatic.net/200000291373/product/product12_28bfacfe528e4128a192c673ad83a99e_grande.jpg]
[product.hstatic.net/200000291373/product/product11_677bed4c-50d3-4938-ad68-b6780f920dfc_b9f53552fd3c45d0b5ebeceda5cbd25f_medium.jpg]
[product.hstatic.net/200000291373/product/product11_677bed4c-50d3-4938-ad68-b6780f920dfc_b9f53552fd3c45d0b5ebeceda5cbd25f_large.jpg]
[chicken-run.myharavan.com/products/ga-ran-bulgogi.html]
[product.hstatic.net/200000291373/product/product11_677bed4c-50d3-4938-ad68-b6780f920dfc_b9f53552fd3c45d0b5ebeceda5cbd25f_grande.jpg]
[product.hstatic.net/200000291373/product/product31_0f63e89e-cacc-4e58-a1c9-ed0f994f9e05_198c1327dce64d0e9ebafa8a70ea28c3_medium.jpg]
[product.hstatic.net/200000291373/product/product31_0f63e89e-cacc-4e58-a1c9-ed0f994f9e05_198c1327dce64d0e9ebafa8a70ea28c3_large.jpg]
[chicken-run.myharavan.com/products/ga-ran-cay.html]
[product.hstatic.net/200000291373/product/product31_0f63e89e-cacc-4e58-a1c9-ed0f994f9e05_198c1327dce64d0e9ebafa8a70ea28c3_grande.jpg]
[product.hstatic.net/200000291373/product/product19_500b2d6209c54de993240f50ab785703_medium.jpg]
[product.hstatic.net/200000291373/product/product19_500b2d6209c54de993240f50ab785703_large.jpg]
[chicken-run.myharavan.com/products/ga-chien-gion-sot-trung-muoi.html]
[product.hstatic.net/200000291373/product/product19_500b2d6209c54de993240f50ab785703_grande.jpg]
[product.hstatic.net/200000291373/product/product21_f8235494fdf949a995bd9bb0ff3861e2_medium.jpg]
[product.hstatic.net/200000291373/product/product21_f8235494fdf949a995bd9bb0ff3861e2_large.jpg]
[product.hstatic.net/200000291373/product/product21_f8235494fdf949a995bd9bb0ff3861e2_grande.jpg]
[chicken-run.myharavan.com/products/ga-chien-gion-tam-nuoc-mam.html]
[product.hstatic.net/200000291373/product/product6_3f9dbc6d-9e03-4576-985c-3f6e731006d7_1b08b24f13de4d7da62d7f53d63dfd54_medium.jpg]
[product.hstatic.net/200000291373/product/product6_3f9dbc6d-9e03-4576-985c-3f6e731006d7_1b08b24f13de4d7da62d7f53d63dfd54_large.jpg]
[chicken-run.myharavan.com/products/ga-vien-duc-pho-mai.html]
[product.hstatic.net/200000291373/product/product6_3f9dbc6d-9e03-4576-985c-3f6e731006d7_1b08b24f13de4d7da62d7f53d63dfd54_grande.jpg]
[product.hstatic.net/200000291373/product/product37_a99783f3-6b62-4a11-83ca-48819c75425a_38eae06411694b35a99b4eeb34d190b6_medium.jpg]
[product.hstatic.net/200000291373/product/product37_a99783f3-6b62-4a11-83ca-48819c75425a_38eae06411694b35a99b4eeb34d190b6_large.jpg]
[product.hstatic.net/200000291373/product/product37_a99783f3-6b62-4a11-83ca-48819c75425a_38eae06411694b35a99b4eeb34d190b6_grande.jpg]
[chicken-run.myharavan.com/products/canh-ga-chien-gion-sot-ngu-vi-huong.html]
[product.hstatic.net/200000291373/product/product9_7e910ac27bac41769f18954bf6de79fc_medium.jpg]
[product.hstatic.net/200000291373/product/product9_7e910ac27bac41769f18954bf6de79fc_large.jpg]
[chicken-run.myharavan.com/products/ga-chien-gion-cay-han-quoc.html]
[product.hstatic.net/200000291373/product/product9_7e910ac27bac41769f18954bf6de79fc_grande.jpg]
[product.hstatic.net/200000291373/product/product39_bdb6d058b4684784b53339edb2bfb234_medium.jpg]
[product.hstatic.net/200000291373/product/product39_bdb6d058b4684784b53339edb2bfb234_large.jpg]
[product.hstatic.net/200000291373/product/product39_bdb6d058b4684784b53339edb2bfb234_grande.jpg]
[chicken-run.myharavan.com/products/ga-gion-khong-xuong.html]
[product.hstatic.net/200000291373/product/product34_cae07b2443594f72839eb3c628743c2f_medium.jpg]
[chicken-run.myharavan.com/products/combo-ga-chien-gion-khoai-tay-chien.html]
[product.hstatic.net/200000291373/product/product34_cae07b2443594f72839eb3c628743c2f_large.jpg]
[product.hstatic.net/200000291373/product/product34_cae07b2443594f72839eb3c628743c2f_grande.jpg]
[product.hstatic.net/200000291373/product/product35_ea16a488a8244ed3a8db1c07e9d5565c_medium.jpg]
[product.hstatic.net/200000291373/product/product35_ea16a488a8244ed3a8db1c07e9d5565c_large.jpg]
[chicken-run.myharavan.com/products/ga-nuong-tieu-den-nguyen-con.html]
[product.hstatic.net/200000291373/product/product35_ea16a488a8244ed3a8db1c07e9d5565c_grande.jpg]
[chicken-run.myharavan.com/products/xien-ga-nuong-rau-cu-qua.html]
[product.hstatic.net/200000291373/product/le-traiteur-frozen-3-joint-wings-1kg_7fa4dca7c09c4a5aa0123a4ab01f1461_medium.jpg]
[product.hstatic.net/200000291373/product/le-traiteur-frozen-3-joint-wings-1kg_7fa4dca7c09c4a5aa0123a4ab01f1461_large.jpg]
[product.hstatic.net/200000291373/product/le-traiteur-frozen-3-joint-wings-1kg_7fa4dca7c09c4a5aa0123a4ab01f1461_grande.jpg]
[product.hstatic.net/200000291373/product/frozen-chicken-drumstick-100-130g-pc-8-10-pcs-pack_8ca4607481d34918899941eca364c195_medium.jpg]
[chicken-run.myharavan.com/products/canh-ga-tuoi.html]
[product.hstatic.net/200000291373/product/frozen-chicken-drumstick-100-130g-pc-8-10-pcs-pack_8ca4607481d34918899941eca364c195_large.jpg]
[product.hstatic.net/200000291373/product/frozen-chicken-drumstick-100-130g-pc-8-10-pcs-pack_8ca4607481d34918899941eca364c195_grande.jpg]
[product.hstatic.net/200000291373/product/phi-le-ga_8692dc92712d4d5e9a302bae5a0f39b4_medium.jpg]
[product.hstatic.net/200000291373/product/phi-le-ga_8692dc92712d4d5e9a302bae5a0f39b4_large.jpg]
[product.hstatic.net/200000291373/product/phi-le-ga_8692dc92712d4d5e9a302bae5a0f39b4_grande.jpg]
[chicken-run.myharavan.com/products/dui-ga-tuoi.html]
[chicken-run.myharavan.com/products/uc-ga-fillet-ga.html]
[chicken-run.myharavan.com/search.html]
[chicken-run.myharavan.com/pages/chinh-sach-doi-tra.html]
[chicken-run.myharavan.com/pages/chinh-sach-bao-mat.html]
[chicken-run.myharavan.com/pages/dieu-khoan-dich-vu.html]
[hstatic.net/0/0/global/option_selection.js]
[hstatic.net/0/0/global/api.jquery.js]
[theme.hstatic.net/200000291373/1000688425/14/scripts7944.js]
[theme.hstatic.net/200000291373/1000688425/14/plugins7944.js]
[app.harasocial.com/widget/108520260558644.js]
[chicken-run.myharavan.com/index.html]
[chicken-run.myharavan.com/fonts/glyphicons-halflings-regular.html]
[chicken-run.myharavan.com/fonts/glyphicons-halflings-regulard41d.html]
[chicken-run.myharavan.com/fonts/glyphicons-halflings-regular-2.html]
[chicken-run.myharavan.com/fonts/glyphicons-halflings-regular-3.html]
[chicken-run.myharavan.com/fonts/glyphicons-halflings-regular-4.html]
[chicken-run.myharavan.com/fonts/glyphicons-halflings-regular-5.html]
[chicken-run.myharavan.com/owl.video.play.html]
[theme.hstatic.net/200000291373/1000688425/14/futura.woff2]
[connect.facebook.net/en_US/sdk/xfbml.customerchat.js]
[theme.hstatic.net/200000291373/1000688425/14/fontawesome6040.eot]
[theme.hstatic.net/200000193535/1000650310/14/sold_out.png]
[theme.hstatic.net/200000291373/1000688425/14/iconsearch6040.png]
[hstatic.net/0/0/global/design/theme-default/userico.png]
[theme.hstatic.net/200000291373/1000688425/14/fontawesome6040.svg]
[hstatic.net/0/0/global/design/theme-default/email.png]
[hstatic.net/0/0/global/design/theme-default/pass.png]
[theme.hstatic.net/200000291373/1000688425/14/hover_bg6040.png]
[theme.hstatic.net/200000291373/1000688425/14/border_footer6040.png]
[theme.hstatic.net/200000291373/1000688425/14/popup_contact_bkg6040.jpg]
[theme.hstatic.net/200000291373/1000688425/14/styles7944.css]
[theme.hstatic.net/200000291373/1000688425/14/collection_banner_head7944.jpg]
[product.hstatic.net/200000291373/product/product2_fd295fb6-9faf-45e5-a59d-704e41f09575_22f8310a03f846f18334e9c594dad066_medium.jpg]
[product.hstatic.net/200000291373/product/product2_fd295fb6-9faf-45e5-a59d-704e41f09575_22f8310a03f846f18334e9c594dad066_large.jpg]
[chicken-run.myharavan.com/collections.html]
[product.hstatic.net/200000291373/product/product2_fd295fb6-9faf-45e5-a59d-704e41f09575_22f8310a03f846f18334e9c594dad066_grande.jpg]
[chicken-run.myharavan.com/products/canh-ga-sot-pho-mai.html]
[product.hstatic.net/200000291373/product/product23_e925ad5c-0c4f-41c2-aabd-581e75b70ec2_eb55b84bf5de433e97fb10b90d7c50ba_medium.jpg]
[product.hstatic.net/200000291373/product/product23_e925ad5c-0c4f-41c2-aabd-581e75b70ec2_eb55b84bf5de433e97fb10b90d7c50ba_large.jpg]
[product.hstatic.net/200000291373/product/product23_e925ad5c-0c4f-41c2-aabd-581e75b70ec2_eb55b84bf5de433e97fb10b90d7c50ba_grande.jpg]
[chicken-run.myharavan.com/products/ga-chien-xu.html]
[chicken-run.myharavan.com/collections/crunchy4658.html]
[chicken-run.myharavan.com/collections/chicken-meal.html]
[chicken-run.myharavan.com/collections/grilled-chicken.html]
[theme.hstatic.net/200000291373/1000688425/14/collection_banner_image7944.jpg]
[chicken-run.myharavan.com/collections/nuoc-uong.html]
[chicken-run.myharavan.com/collections/crunchy.html]
[theme.hstatic.net/200000291373/1000688425/14/blog_banner_head7944.jpg]
[chicken-run.myharavan.com/blogs/news/an-sup-lo-xanh-moi-ngay-de-ngan-ngua-7-loai-ung-thu.html]
[file.hstatic.net/200000291373/article/healthy-food-concept-green-spinach-smoothie-breakf-3l74s7u-1024x768_96f6ac6d96904ebdb8d808eb710ce108_large.jpg]
[file.hstatic.net/200000291373/article/t-bone-grilled-beef-steak-cznz5ye-1024x639_226cb81b2b364612a7d7b949ecf1e7d2_large.jpg]
[chicken-run.myharavan.com/blogs/news/doi-vi-voi-mon-thit-cuu-om-hanh-nhan-mem-thom-den-ngat-ngay.html]
[chicken-run.myharavan.com/blogs/news/bi-do-hap-thit-mon-an-nhin-rat-sang-chanh-nhung-ma-lai-cuc-ky-de-lam.html]
[file.hstatic.net/200000291373/article/baked-duck-with-vegetables-ugkgfea-1024x682_f5169f771b32483c8a40dcdb2a0527c0_large.jpg]
[chicken-run.myharavan.com/blogs/news/lam-sao-de-giu-duoc-toi-da-duong-chat-trong-thuc-pham-sau-khi-che-bien.html]
[file.hstatic.net/200000291373/article/food-background-sliced-portions-large-salmon-fille-7wycf7v-1024x768_2308c1dbb36f4e7b93e2e4310b3ad895_large.jpg]
[file.hstatic.net/200000291373/article/he-is-a-master-chef-2a3m5xr-768x512_1ddf05e6052948c380f56e9394f9ee44_large.jpg]
[chicken-run.myharavan.com/blogs/news/an-ngon-suot-tuan-voi-thuc-don-7-ngay-ngon-quen-het-met-moi-nay.html]
[file.hstatic.net/200000291373/article/grilled-vegetables-with-spices-top-view-k5stzlw-768x512_54c7765cc34e40a8ac2d709e3e53b40b_large.jpg]
[chicken-run.myharavan.com/blogs/news/huong-vi-ha-noi-giua-long-sai-gon.html]
[file.hstatic.net/200000291373/article/grilled-chicken-fillets-and-sweet-pepper-on-black-chgsy4q-768x512_f619ad04490f4a5b92d82714c6879523_large.jpg]
[chicken-run.myharavan.com/blogs/news/cha-ca-la-vong-noi-tieng-hon-100-nam.html]
[file.hstatic.net/200000291373/article/delicious-thick-soup-m7a4cnq-768x601_eabba9927fa94a3390dcd5ec522ee01c_large.jpg]
[chicken-run.myharavan.com/blogs/news/dac-trung-cua-am-thuc-viet-nam-trong-long-khach-quoc-te.html]
[chicken-run.myharavan.com/blogs/news.html]
[chicken-run.myharavan.com/blogs/news4658.html]
[theme.hstatic.net/200000291373/1000688425/14/pageaboutus_banner_head7944.jpg]
[chicken-run.myharavan.com/pages/{0}/page]
[theme.hstatic.net/200000291373/1000688425/14/img_intro_one7944.jpg]
[theme.hstatic.net/200000291373/1000688425/14/img_intro_two7944.jpg]
[theme.hstatic.net/200000291373/1000688425/14/img_intro_why17944.jpg]
[theme.hstatic.net/200000291373/1000688425/14/img_intro_why27944.jpg]
[theme.hstatic.net/200000291373/1000688425/14/img_intro_why37944.jpg]
[chicken-run.myharavan.com/pages/about-us.html]
[theme.hstatic.net/200000291373/1000688425/14/pagecontact_banner_head7944.jpg]
[chicken-run.myharavan.com/pages/lien-he.html]
[product.hstatic.net/200000291373/product/product20_9bfcb21730cf4da0b47bf3d3db8a9966_grande.jpg]
[product.hstatic.net/200000291373/product/g1_cd8339faa19149faa8753dfb95141363_grande.jpg]
[product.hstatic.net/200000291373/product/g2_1633656debb548a2bbea6483d8f19231_grande.jpg]
[product.hstatic.net/200000291373/product/g3_d4e92c4c37bf495eab09712985218110_grande.jpg]
[product.hstatic.net/200000291373/product/g4_80576e62e4b146e6bf535b667075164f_grande.jpg]
[product.hstatic.net/200000291373/product/unnamed_30ab6e83d286432d9e6cae618f8bdfee_grande.jpg]
[product.hstatic.net/200000291373/product/g6_cb98dbdb81bb4fc5aedd955ca5f2e779_grande.jpg]
[product.hstatic.net/200000291373/product/5_d2293e415c6142949f9dc6eaee0bbf6f_dc28a94958c145e2ac484bb6662d0c15_5dd6cfd760674f8ea8c435ded66d8c28_grande.png]
[product.hstatic.net/200000291373/product/1-2_a9919f97d3c04783b4cf956e4e65beba_ce56afe0df7b49c9931cd2d0f8bc783e_f66f5846733c4e1ab3da049fc6f0b3fe_grande.png]
[product.hstatic.net/200000291373/product/6_7827a234e32b4a7b8856e54f511eae13_a437beadac3f4f1ba6b90343c1b53d25_f7ee8628daf34cf7ac5f2b52bc77a1f1_grande.png]
[product.hstatic.net/200000291373/product/2_c6ff2f8a8b514b67a21868af3ca93565_75085a5b348641fcb831722f24784277_fbe302d46617459c9c4c7c89eb0c9f99_grande.png]
[product.hstatic.net/200000291373/product/7_397f40d3385e4dc486340f2c7ae20183_e0a5efb4a7004febb76959046bec0028_a5efbdeb20c140c39ec80af17a71f0bc_grande.png]
[product.hstatic.net/200000291373/product/3_a3ca4c9dfb9d484cba4bacfa6656dff9_8365fdba0e9449aeac303aff48e3f9cf_fc017b85a380475f973bdb3e84b71e20_grande.png]
[product.hstatic.net/200000291373/product/8_174a630f02e7452d8528ad7dcd676938_250a593c82cb402081064fea3d475126_d3078ec3b4e545d8ba9d1aeee24ecb30_grande.png]
[product.hstatic.net/200000291373/product/p-01_664c4ff89dc7471cbe3a52639427945e_e635e1eb380f4de39e23e7c3dbc7aef0_e8f9e4087d824e91ad35f49164457ea0_grande.png]
[chicken-run.myharavan.com/index150b.html]
[hstatic.net/0/0/global/haravan_common.js]
[chicken-run.myharavan.com/account/register.html]
[hstatic.net/0/0/global/customer_area.js]
[chicken-run.myharavan.com/cart.html]
[product.hstatic.net/200000291373/product/4_2b7f7c06e7864adaac93ca31d7762a98_f63bb409e53e41529c1d77d4bd0cef83_ab27542035d0481aae89e0a3de08898f_medium.png]
[product.hstatic.net/200000291373/product/4_2b7f7c06e7864adaac93ca31d7762a98_f63bb409e53e41529c1d77d4bd0cef83_ab27542035d0481aae89e0a3de08898f_large.png]
[chicken-run.myharavan.com/collections/all4658.html]
[product.hstatic.net/200000291373/product/4_2b7f7c06e7864adaac93ca31d7762a98_f63bb409e53e41529c1d77d4bd0cef83_ab27542035d0481aae89e0a3de08898f_grande.png]
[product.hstatic.net/200000291373/product/8_174a630f02e7452d8528ad7dcd676938_250a593c82cb402081064fea3d475126_d3078ec3b4e545d8ba9d1aeee24ecb30_medium.png]
[product.hstatic.net/200000291373/product/8_174a630f02e7452d8528ad7dcd676938_250a593c82cb402081064fea3d475126_d3078ec3b4e545d8ba9d1aeee24ecb30_large.png]
[chicken-run.myharavan.com/products/coke-zero-330ml.html]
[product.hstatic.net/200000291373/product/p-01_664c4ff89dc7471cbe3a52639427945e_e635e1eb380f4de39e23e7c3dbc7aef0_e8f9e4087d824e91ad35f49164457ea0_medium.png]
[chicken-run.myharavan.com/products/coke-plus-330ml-1.html]
[product.hstatic.net/200000291373/product/p-01_664c4ff89dc7471cbe3a52639427945e_e635e1eb380f4de39e23e7c3dbc7aef0_e8f9e4087d824e91ad35f49164457ea0_large.png]
[product.hstatic.net/200000291373/product/3_a3ca4c9dfb9d484cba4bacfa6656dff9_8365fdba0e9449aeac303aff48e3f9cf_fc017b85a380475f973bdb3e84b71e20_medium.png]
[product.hstatic.net/200000291373/product/3_a3ca4c9dfb9d484cba4bacfa6656dff9_8365fdba0e9449aeac303aff48e3f9cf_fc017b85a380475f973bdb3e84b71e20_large.png]
[chicken-run.myharavan.com/products/coke-plus-330ml.html]
[product.hstatic.net/200000291373/product/7_397f40d3385e4dc486340f2c7ae20183_e0a5efb4a7004febb76959046bec0028_a5efbdeb20c140c39ec80af17a71f0bc_medium.png]
[product.hstatic.net/200000291373/product/7_397f40d3385e4dc486340f2c7ae20183_e0a5efb4a7004febb76959046bec0028_a5efbdeb20c140c39ec80af17a71f0bc_large.png]
[chicken-run.myharavan.com/products/chai-sprite-390ml.html]
[product.hstatic.net/200000291373/product/2_c6ff2f8a8b514b67a21868af3ca93565_75085a5b348641fcb831722f24784277_fbe302d46617459c9c4c7c89eb0c9f99_medium.png]
[product.hstatic.net/200000291373/product/2_c6ff2f8a8b514b67a21868af3ca93565_75085a5b348641fcb831722f24784277_fbe302d46617459c9c4c7c89eb0c9f99_large.png]
[chicken-run.myharavan.com/products/chai-sprite-1-5l.html]
[product.hstatic.net/200000291373/product/6_7827a234e32b4a7b8856e54f511eae13_a437beadac3f4f1ba6b90343c1b53d25_f7ee8628daf34cf7ac5f2b52bc77a1f1_medium.png]
[product.hstatic.net/200000291373/product/6_7827a234e32b4a7b8856e54f511eae13_a437beadac3f4f1ba6b90343c1b53d25_f7ee8628daf34cf7ac5f2b52bc77a1f1_large.png]
[chicken-run.myharavan.com/products/chai-fanta-390ml.html]
[product.hstatic.net/200000291373/product/1-2_a9919f97d3c04783b4cf956e4e65beba_ce56afe0df7b49c9931cd2d0f8bc783e_f66f5846733c4e1ab3da049fc6f0b3fe_medium.png]
[product.hstatic.net/200000291373/product/1-2_a9919f97d3c04783b4cf956e4e65beba_ce56afe0df7b49c9931cd2d0f8bc783e_f66f5846733c4e1ab3da049fc6f0b3fe_large.png]
[chicken-run.myharavan.com/products/chai-fanta-1-5l.html]
[product.hstatic.net/200000291373/product/5_d2293e415c6142949f9dc6eaee0bbf6f_dc28a94958c145e2ac484bb6662d0c15_5dd6cfd760674f8ea8c435ded66d8c28_medium.png]
[product.hstatic.net/200000291373/product/5_d2293e415c6142949f9dc6eaee0bbf6f_dc28a94958c145e2ac484bb6662d0c15_5dd6cfd760674f8ea8c435ded66d8c28_large.png]
[chicken-run.myharavan.com/products/chai-coca-390ml.html]
[product.hstatic.net/200000291373/product/product20_9bfcb21730cf4da0b47bf3d3db8a9966_medium.jpg]
[product.hstatic.net/200000291373/product/product20_9bfcb21730cf4da0b47bf3d3db8a9966_large.jpg]
[chicken-run.myharavan.com/products/chai-coca-1-5l.html]
[chicken-run.myharavan.com/collections/all.html]
[chicken-run.myharavan.com/products/ga-xien-que.html]
[chicken-run.myharavan.com/collections/all9ba9.html]
[product.hstatic.net/200000291373/product/product8_c15ff3d0-2abf-4e20-9925-6c59496e58c4_58f2da4951e845eeab5c1eb74863c718_1024x1024.jpg]
[product.hstatic.net/200000291373/product/product8_c15ff3d0-2abf-4e20-9925-6c59496e58c4_58f2da4951e845eeab5c1eb74863c718_master.jpg]
[chicken-run.myharavan.com/products/ga-ran-gion-truyen-thong.html]
[product.hstatic.net/200000291373/product/product5_6c122cb7f3b249318cfd95d4d4bb83e5_1024x1024.jpg]
[chicken-run.myharavan.com/cart.json]
[product.hstatic.net/200000291373/product/product5_6c122cb7f3b249318cfd95d4d4bb83e5_master.jpg]
[chicken-run.myharavan.com/products/ga-pho-mai-tuyet.html]
[product.hstatic.net/200000291373/product/product12_28bfacfe528e4128a192c673ad83a99e_1024x1024.jpg]
[product.hstatic.net/200000291373/product/product12_28bfacfe528e4128a192c673ad83a99e_master.jpg]
[chicken-run.myharavan.com/products/ga-ran-bulgogi.html]
[product.hstatic.net/200000291373/product/product11_677bed4c-50d3-4938-ad68-b6780f920dfc_b9f53552fd3c45d0b5ebeceda5cbd25f_1024x1024.jpg]
[product.hstatic.net/200000291373/product/product11_677bed4c-50d3-4938-ad68-b6780f920dfc_b9f53552fd3c45d0b5ebeceda5cbd25f_master.jpg]
[chicken-run.myharavan.com/products/ga-ran-cay.html]
[product.hstatic.net/200000291373/product/product31_0f63e89e-cacc-4e58-a1c9-ed0f994f9e05_198c1327dce64d0e9ebafa8a70ea28c3_1024x1024.jpg]
[product.hstatic.net/200000291373/product/product31_0f63e89e-cacc-4e58-a1c9-ed0f994f9e05_198c1327dce64d0e9ebafa8a70ea28c3_master.jpg]
[chicken-run.myharavan.com/products/ga-chien-gion-sot-trung-muoi.html]
[product.hstatic.net/200000291373/product/product19_500b2d6209c54de993240f50ab785703_1024x1024.jpg]
[product.hstatic.net/200000291373/product/product19_500b2d6209c54de993240f50ab785703_master.jpg]
[chicken-run.myharavan.com/products/ga-chien-gion-tam-nuoc-mam.html]
[product.hstatic.net/200000291373/product/product21_f8235494fdf949a995bd9bb0ff3861e2_1024x1024.jpg]
[product.hstatic.net/200000291373/product/product21_f8235494fdf949a995bd9bb0ff3861e2_master.jpg]
[chicken-run.myharavan.com/products/ga-vien-duc-pho-mai.html]
[product.hstatic.net/200000291373/product/product6_3f9dbc6d-9e03-4576-985c-3f6e731006d7_1b08b24f13de4d7da62d7f53d63dfd54_1024x1024.jpg]
[product.hstatic.net/200000291373/product/product6_3f9dbc6d-9e03-4576-985c-3f6e731006d7_1b08b24f13de4d7da62d7f53d63dfd54_master.jpg]
[chicken-run.myharavan.com/products/canh-ga-chien-gion-sot-ngu-vi-huong.html]
[product.hstatic.net/200000291373/product/product37_a99783f3-6b62-4a11-83ca-48819c75425a_38eae06411694b35a99b4eeb34d190b6_1024x1024.jpg]
[product.hstatic.net/200000291373/product/product37_a99783f3-6b62-4a11-83ca-48819c75425a_38eae06411694b35a99b4eeb34d190b6_master.jpg]
[chicken-run.myharavan.com/products/ga-chien-gion-cay-han-quoc.html]
[product.hstatic.net/200000291373/product/product9_7e910ac27bac41769f18954bf6de79fc_1024x1024.jpg]
[product.hstatic.net/200000291373/product/product9_7e910ac27bac41769f18954bf6de79fc_master.jpg]
[chicken-run.myharavan.com/products/ga-gion-khong-xuong.html]
[product.hstatic.net/200000291373/product/product39_bdb6d058b4684784b53339edb2bfb234_master.jpg]
[product.hstatic.net/200000291373/product/product39_bdb6d058b4684784b53339edb2bfb234_compact.jpg]
[product.hstatic.net/200000291373/product/product24_e33fcf61725649b19135aa114ed8d789_master.jpg]
[product.hstatic.net/200000291373/product/product24_e33fcf61725649b19135aa114ed8d789_compact.jpg]
[product.hstatic.net/200000291373/product/product18_c5ead0cc-02c5-4fc5-a950-a1b3e46e2d6b_7ad7cc064a804766961d29ff70a22b4f_master.jpg]
[product.hstatic.net/200000291373/product/product18_c5ead0cc-02c5-4fc5-a950-a1b3e46e2d6b_7ad7cc064a804766961d29ff70a22b4f_compact.jpg]
[product.hstatic.net/200000291373/product/product24_e33fcf61725649b19135aa114ed8d789.jpg]
[chicken-run.myharavan.com/products/combo-ga-chien-gion-khoai-tay-chien.html]
[product.hstatic.net/200000291373/product/product34_cae07b2443594f72839eb3c628743c2f_1024x1024.jpg]
[product.hstatic.net/200000291373/product/product34_cae07b2443594f72839eb3c628743c2f_master.jpg]
[chicken-run.myharavan.com/products/ga-nuong-tieu-den-nguyen-con.html]
[product.hstatic.net/200000291373/product/product35_ea16a488a8244ed3a8db1c07e9d5565c_1024x1024.jpg]
[product.hstatic.net/200000291373/product/product35_ea16a488a8244ed3a8db1c07e9d5565c_master.jpg]
[chicken-run.myharavan.com/products/xien-ga-nuong-rau-cu-qua.html]
[product.hstatic.net/200000291373/product/le-traiteur-frozen-3-joint-wings-1kg_7fa4dca7c09c4a5aa0123a4ab01f1461_1024x1024.jpg]
[product.hstatic.net/200000291373/product/g1_cd8339faa19149faa8753dfb95141363_medium.jpg]
[product.hstatic.net/200000291373/product/g1_cd8339faa19149faa8753dfb95141363_large.jpg]
[product.hstatic.net/200000291373/product/g2_1633656debb548a2bbea6483d8f19231_medium.jpg]
[chicken-run.myharavan.com/products/canh-ga-490g.html]
[product.hstatic.net/200000291373/product/g2_1633656debb548a2bbea6483d8f19231_large.jpg]
[product.hstatic.net/200000291373/product/g3_d4e92c4c37bf495eab09712985218110_medium.jpg]
[product.hstatic.net/200000291373/product/g3_d4e92c4c37bf495eab09712985218110_large.jpg]
[chicken-run.myharavan.com/products/chan-ga-490g.html]
[chicken-run.myharavan.com/products/canh-ga-tuoi.html]
[product.hstatic.net/200000291373/product/le-traiteur-frozen-3-joint-wings-1kg_7fa4dca7c09c4a5aa0123a4ab01f1461_master.jpg]
[product.hstatic.net/200000291373/product/frozen-chicken-drumstick-100-130g-pc-8-10-pcs-pack_8ca4607481d34918899941eca364c195_1024x1024.jpg]
[product.hstatic.net/200000291373/product/frozen-chicken-drumstick-100-130g-pc-8-10-pcs-pack_8ca4607481d34918899941eca364c195_master.jpg]
[chicken-run.myharavan.com/products/dui-ga-tuoi.html]
[chicken-run.myharavan.com/products/dui-ga-goc-tu-490g.html]
[product.hstatic.net/200000291373/product/phi-le-ga_8692dc92712d4d5e9a302bae5a0f39b4_1024x1024.jpg]
[product.hstatic.net/200000291373/product/phi-le-ga_8692dc92712d4d5e9a302bae5a0f39b4_master.jpg]
[chicken-run.myharavan.com/products/uc-ga-fillet-ga.html]
[chicken-run.myharavan.com/search.html]
[theme.hstatic.net/200000291373/1000688425/14/page_banner_head7944.jpg]
[theme.hstatic.net/200000291373/1000688425/14/page_banner7944.jpg]
[chicken-run.myharavan.com/pages/chinh-sach-doi-tra.html]
[chicken-run.myharavan.com/pages/chinh-sach-bao-mat.html]
[chicken-run.myharavan.com/pages/dieu-khoan-dich-vu.html]
[chicken-run.myharavan.com/chrome-extension_/index.html]
[chicken-run.myharavan.com/GET.105.delayed]
[chicken-run.myharavan.com/ABCDEFGHIJKLMNOPQRSTUVWXYZabcdefghijklmnopqrstuvwxyz0123456789+/index.html]
[chicken-run.myharavan.com/^([^_/indexd41d.html]
[chicken-run.myharavan.com/restserver.php]
[connect.facebook.net/en_US/sdk/xfbml.customerchat.js]
[chicken-run.myharavan.com/dialog/index.html]
[chicken-run.myharavan.com/LiveChatEvent/index.html]
[theme.hstatic.net/200000291373/1000688425/14/fontawesome6040.html]
[theme.hstatic.net/200000291373/1000688425/14/fontawesome6040.svg]
[chicken-run.myharavan.com/collections/owl.video.play.html]
[chicken-run.myharavan.com/rsrc.php/index.html]
[hstatic.net/0/0/global/noDefaultImage6_large.gif]
[chicken-run.myharavan.com/collections/tandoori.html]
[chicken-run.myharavan.com/collections/strips.html]
[chicken-run.myharavan.com/collections/spicy.html]
[chicken-run.myharavan.com/collections/royal.html]
[chicken-run.myharavan.com/collections/popcorn.html]
[chicken-run.myharavan.com/collections/hot-products.html]
[chicken-run.myharavan.com/collections.html]
[chicken-run.myharavan.com/collections/onsale.html]
[product.hstatic.net/200000291373/product/product2_fd295fb6-9faf-45e5-a59d-704e41f09575_22f8310a03f846f18334e9c594dad066_1024x1024.jpg]
[product.hstatic.net/200000291373/product/product2_fd295fb6-9faf-45e5-a59d-704e41f09575_22f8310a03f846f18334e9c594dad066_master.jpg]
[chicken-run.myharavan.com/collections/frontpage.html]
[chicken-run.myharavan.com/products/canh-ga-sot-pho-mai.html]
[theme.hstatic.net/200000291373/1000688425/14/fontawesome6040.woff]
[product.hstatic.net/200000291373/product/product23_e925ad5c-0c4f-41c2-aabd-581e75b70ec2_eb55b84bf5de433e97fb10b90d7c50ba_1024x1024.jpg]
[product.hstatic.net/200000291373/product/product23_e925ad5c-0c4f-41c2-aabd-581e75b70ec2_eb55b84bf5de433e97fb10b90d7c50ba_master.jpg]
[chicken-run.myharavan.com/products/ga-chien-xu.html]
[chicken-run.myharavan.com/collections/crunchy4658.html]
[product.hstatic.net/200000291373/product/g4_80576e62e4b146e6bf535b667075164f_medium.jpg]
[product.hstatic.net/200000291373/product/g4_80576e62e4b146e6bf535b667075164f_large.jpg]
[chicken-run.myharavan.com/collections/crunchy2679.html]
[product.hstatic.net/200000291373/product/unnamed_30ab6e83d286432d9e6cae618f8bdfee_medium.jpg]
[product.hstatic.net/200000291373/product/unnamed_30ab6e83d286432d9e6cae618f8bdfee_large.jpg]
[chicken-run.myharavan.com/products/dui-toi-ga-490g.html]
[product.hstatic.net/200000291373/product/g6_cb98dbdb81bb4fc5aedd955ca5f2e779_medium.jpg]
[product.hstatic.net/200000291373/product/g6_cb98dbdb81bb4fc5aedd955ca5f2e779_large.jpg]
[chicken-run.myharavan.com/products/ga-tha-vuon-1-2kg.html]
[chicken-run.myharavan.com/collections/chicken-meal.html]
[chicken-run.myharavan.com/collections/grilled-chicken.html]
[chicken-run.myharavan.com/collections/nuoc-uong.html]
[chicken-run.myharavan.com/blogs/owl.video.play.html]
[chicken-run.myharavan.com/products/ma-dui-ga-490g.html]
[chicken-run.myharavan.com/blogs/fonts/glyphicons-halflings-regular.eot]
[chicken-run.myharavan.com/blogs/fonts/glyphicons-halflings-regulard41d.eot]
[chicken-run.myharavan.com/blogs/fonts/glyphicons-halflings-regular.woff2]
[chicken-run.myharavan.com/blogs/fonts/glyphicons-halflings-regular.woff]
[chicken-run.myharavan.com/blogs/fonts/glyphicons-halflings-regular.ttf]
[chicken-run.myharavan.com/blogs/fonts/glyphicons-halflings-regular.svg]
[chicken-run.myharavan.com/blogs/news/{0}/article]
[chicken-run.myharavan.com/blogs/news/an-sup-lo-xanh-moi-ngay-de-ngan-ngua-7-loai-ung-thu.html]
[chicken-run.myharavan.com/blogs/news/doi-vi-voi-mon-thit-cuu-om-hanh-nhan-mem-thom-den-ngat-ngay.html]
[chicken-run.myharavan.com/blogs/news/bi-do-hap-thit-mon-an-nhin-rat-sang-chanh-nhung-ma-lai-cuc-ky-de-lam.html]
[chicken-run.myharavan.com/blogs/news/lam-sao-de-giu-duoc-toi-da-duong-chat-trong-thuc-pham-sau-khi-che-bien.html]
[chicken-run.myharavan.com/blogs/news/an-ngon-suot-tuan-voi-thuc-don-7-ngay-ngon-quen-het-met-moi-nay.html]
[chicken-run.myharavan.com/blogs/news/huong-vi-ha-noi-giua-long-sai-gon.html]
[chicken-run.myharavan.com/blogs/news/cha-ca-la-vong-noi-tieng-hon-100-nam.html]
[www.blogamthuc.com/wp-content/uploads/2018/10/buncha.jpg]
[www.blogamthuc.com/wp-content/uploads/2018/10/myvietnam.jpg]
[www.blogamthuc.com/wp-content/uploads/2018/10/bunmam_1.jpg]
[www.blogamthuc.com/wp-content/uploads/2018/10/chebamau_2.jpg]
[www.blogamthuc.com/wp-content/uploads/2018/10/caphe.jpg]
[www.blogamthuc.com/wp-content/uploads/2018/10/tietcanh.jpg]
[www.blogamthuc.com/wp-content/uploads/2018/10/nuocmam.jpg]
[chicken-run.myharavan.com/blogs/news/dac-trung-cua-am-thuc-viet-nam-trong-long-khach-quoc-te.html]
[file.hstatic.net/200000291373/article/portrait-of-smiling-chef-in-kitchen-k8pg4uw-768x512_589e776c1d094b0184937d1281ce3f38_large.jpg]
[chicken-run.myharavan.com/blogs/news4658.html]
[chicken-run.myharavan.com/pages/owl.video.play.html]
[chicken-run.myharavan.com/pages/{0}/page.html]
[chicken-run.myharavan.com/account/owl.video.play.html]
[file.hstatic.net/200000291373/file/chicken-lamb_45941ac482454261a12909efcd60872e.html]
[chicken-run.myharavan.com/blogs/news/bai-viet-mau.html]
[chicken-run.myharavan.com/collections/all4658.html]
[product.hstatic.net/200000291373/product/4_2b7f7c06e7864adaac93ca31d7762a98_f63bb409e53e41529c1d77d4bd0cef83_ab27542035d0481aae89e0a3de08898f_1024x1024.png]
[chicken-run.myharavan.com/blogs/news2679.html]
[chicken-run.myharavan.com/collections/all2679.html]
[product.hstatic.net/200000291373/product/4_2b7f7c06e7864adaac93ca31d7762a98_f63bb409e53e41529c1d77d4bd0cef83_ab27542035d0481aae89e0a3de08898f_master.png]
[chicken-run.myharavan.com/products/coke-zero-330ml.html]
[product.hstatic.net/200000291373/product/8_174a630f02e7452d8528ad7dcd676938_250a593c82cb402081064fea3d475126_d3078ec3b4e545d8ba9d1aeee24ecb30_1024x1024.png]
[product.hstatic.net/200000291373/product/8_174a630f02e7452d8528ad7dcd676938_250a593c82cb402081064fea3d475126_d3078ec3b4e545d8ba9d1aeee24ecb30_master.png]
[chicken-run.myharavan.com/products/coke-plus-330ml-1.html]
[product.hstatic.net/200000291373/product/p-01_664c4ff89dc7471cbe3a52639427945e_e635e1eb380f4de39e23e7c3dbc7aef0_e8f9e4087d824e91ad35f49164457ea0_1024x1024.png]
[product.hstatic.net/200000291373/product/p-01_664c4ff89dc7471cbe3a52639427945e_e635e1eb380f4de39e23e7c3dbc7aef0_e8f9e4087d824e91ad35f49164457ea0_master.png]
[chicken-run.myharavan.com/products/coke-plus-330ml.html]
[product.hstatic.net/200000291373/product/3_a3ca4c9dfb9d484cba4bacfa6656dff9_8365fdba0e9449aeac303aff48e3f9cf_fc017b85a380475f973bdb3e84b71e20_1024x1024.png]
[product.hstatic.net/200000291373/product/3_a3ca4c9dfb9d484cba4bacfa6656dff9_8365fdba0e9449aeac303aff48e3f9cf_fc017b85a380475f973bdb3e84b71e20_master.png]
[chicken-run.myharavan.com/products/chai-sprite-390ml.html]
[product.hstatic.net/200000291373/product/7_397f40d3385e4dc486340f2c7ae20183_e0a5efb4a7004febb76959046bec0028_a5efbdeb20c140c39ec80af17a71f0bc_1024x1024.png]
[product.hstatic.net/200000291373/product/7_397f40d3385e4dc486340f2c7ae20183_e0a5efb4a7004febb76959046bec0028_a5efbdeb20c140c39ec80af17a71f0bc_master.png]
[chicken-run.myharavan.com/products/chai-sprite-1-5l.html]
[product.hstatic.net/200000291373/product/2_c6ff2f8a8b514b67a21868af3ca93565_75085a5b348641fcb831722f24784277_fbe302d46617459c9c4c7c89eb0c9f99_1024x1024.png]
[product.hstatic.net/200000291373/product/2_c6ff2f8a8b514b67a21868af3ca93565_75085a5b348641fcb831722f24784277_fbe302d46617459c9c4c7c89eb0c9f99_master.png]
[chicken-run.myharavan.com/products/chai-fanta-390ml.html]
[product.hstatic.net/200000291373/product/6_7827a234e32b4a7b8856e54f511eae13_a437beadac3f4f1ba6b90343c1b53d25_f7ee8628daf34cf7ac5f2b52bc77a1f1_1024x1024.png]
[product.hstatic.net/200000291373/product/6_7827a234e32b4a7b8856e54f511eae13_a437beadac3f4f1ba6b90343c1b53d25_f7ee8628daf34cf7ac5f2b52bc77a1f1_master.png]
[chicken-run.myharavan.com/products/chai-fanta-1-5l.html]
[product.hstatic.net/200000291373/product/1-2_a9919f97d3c04783b4cf956e4e65beba_ce56afe0df7b49c9931cd2d0f8bc783e_f66f5846733c4e1ab3da049fc6f0b3fe_1024x1024.png]
[product.hstatic.net/200000291373/product/1-2_a9919f97d3c04783b4cf956e4e65beba_ce56afe0df7b49c9931cd2d0f8bc783e_f66f5846733c4e1ab3da049fc6f0b3fe_master.png]
[chicken-run.myharavan.com/products/chai-coca-390ml.html]
[product.hstatic.net/200000291373/product/5_d2293e415c6142949f9dc6eaee0bbf6f_dc28a94958c145e2ac484bb6662d0c15_5dd6cfd760674f8ea8c435ded66d8c28_1024x1024.png]
[product.hstatic.net/200000291373/product/5_d2293e415c6142949f9dc6eaee0bbf6f_dc28a94958c145e2ac484bb6662d0c15_5dd6cfd760674f8ea8c435ded66d8c28_master.png]
[chicken-run.myharavan.com/products/chai-coca-1-5l.html]
[product.hstatic.net/200000291373/product/product20_9bfcb21730cf4da0b47bf3d3db8a9966_1024x1024.jpg]
[product.hstatic.net/200000291373/product/product20_9bfcb21730cf4da0b47bf3d3db8a9966_master.jpg]
[chicken-run.myharavan.com/products/ga-xien-que.html]
[chicken-run.myharavan.com/collections/all9ba9.html]
[chicken-run.myharavan.com/products/owl.video.play.html]
[product.hstatic.net/200000291373/product/g1_cd8339faa19149faa8753dfb95141363_1024x1024.jpg]
[product.hstatic.net/200000291373/product/g1_cd8339faa19149faa8753dfb95141363_master.jpg]
[chicken-run.myharavan.com/products/canh-ga-490g.html]
[product.hstatic.net/200000291373/product/g2_1633656debb548a2bbea6483d8f19231_1024x1024.jpg]
[product.hstatic.net/200000291373/product/g2_1633656debb548a2bbea6483d8f19231_master.jpg]
[chicken-run.myharavan.com/products/chan-ga-490g.html]
[product.hstatic.net/200000291373/product/g3_d4e92c4c37bf495eab09712985218110_1024x1024.jpg]
[product.hstatic.net/200000291373/product/g3_d4e92c4c37bf495eab09712985218110_master.jpg]
[chicken-run.myharavan.com/products/dui-ga-goc-tu-490g.html]
[chicken-run.myharavan.com/chrome-extension_/index.html]
[chicken-run.myharavan.com/ABCDEFGHIJKLMNOPQRSTUVWXYZabcdefghijklmnopqrstuvwxyz0123456789+/index.html]
[chicken-run.myharavan.com/^([^_/indexd41d.html]
[chicken-run.myharavan.com/GET.html]
[chicken-run.myharavan.com/restserver.html]
[chicken-run.myharavan.com/dialog/index.html]
[chicken-run.myharavan.com/LiveChatEvent/index.html]
[chicken-run.myharavan.com/rsrc.php/index.html]
[chicken-run.myharavan.com/collections/tandoori.html]
[chicken-run.myharavan.com/collections/strips.html]
[chicken-run.myharavan.com/collections/spicy.html]
[chicken-run.myharavan.com/collections/royal.html]
[chicken-run.myharavan.com/collections/popcorn.html]
[chicken-run.myharavan.com/collections/hot-products.html]
[chicken-run.myharavan.com/collections/onsale.html]
[chicken-run.myharavan.com/collections/frontpage.html]
[chicken-run.myharavan.com/collections/crunchy2679.html]
[product.hstatic.net/200000291373/product/g4_80576e62e4b146e6bf535b667075164f_1024x1024.jpg]
[product.hstatic.net/200000291373/product/g4_80576e62e4b146e6bf535b667075164f_master.jpg]
[chicken-run.myharavan.com/products/dui-toi-ga-490g.html]
[product.hstatic.net/200000291373/product/unnamed_30ab6e83d286432d9e6cae618f8bdfee_1024x1024.jpg]
[product.hstatic.net/200000291373/product/unnamed_30ab6e83d286432d9e6cae618f8bdfee_master.jpg]
[chicken-run.myharavan.com/products/ga-tha-vuon-1-2kg.html]
[product.hstatic.net/200000291373/product/g6_cb98dbdb81bb4fc5aedd955ca5f2e779_1024x1024.jpg]
[product.hstatic.net/200000291373/product/g6_cb98dbdb81bb4fc5aedd955ca5f2e779_master.jpg]
[chicken-run.myharavan.com/products/ma-dui-ga-490g.html]
[chicken-run.myharavan.com/blogs/fonts/glyphicons-halflings-regular.html]
[chicken-run.myharavan.com/blogs/fonts/glyphicons-halflings-regulard41d.html]
[chicken-run.myharavan.com/blogs/fonts/glyphicons-halflings-regular-2.html]
[chicken-run.myharavan.com/blogs/fonts/glyphicons-halflings-regular-3.html]
[chicken-run.myharavan.com/blogs/fonts/glyphicons-halflings-regular-4.html]
[chicken-run.myharavan.com/blogs/fonts/glyphicons-halflings-regular-5.html]
[chicken-run.myharavan.com/blogs/news/owl.video.play.html]
[chicken-run.myharavan.com/blogs/news/{0}/article.html]
[chicken-run.myharavan.com/blogs/news/bai-viet-mau.html]
[chicken-run.myharavan.com/blogs/news2679.html]
[chicken-run.myharavan.com/collections/all2679.html]
